Wed 19 Apr 2023 10:07:56 PM UTC: 
 tests:  1|8
total_score: 0/70
aa5b5be
Wed 19 Apr 2023 10:11:06 PM UTC: 
 treemap.c | 8 +++++---
 1 file changed, 5 insertions(+), 3 deletions(-)
In file included from test.c:4:
treemap.c: In function ‘createTreeMap’:
treemap.c:41:6: error: ‘TreeMap’ has no member named ‘size’
   41 |   map->size = 0;
      |      ^~
treemap.c:43:21: error: ‘lt’ undeclared (first use in this function)
   43 |   map->lower_than = lt;
      |                     ^~
treemap.c:43:21: note: each undeclared identifier is reported only once for each function it appears in
Compilation failed
4f88050
Wed 19 Apr 2023 10:12:14 PM UTC: 
 treemap.c | 2 +-
 1 file changed, 1 insertion(+), 1 deletion(-)
In file included from test.c:4:
treemap.c: In function ‘createTreeMap’:
treemap.c:41:6: error: ‘TreeMap’ has no member named ‘size’
   41 |   map->size = 0;
      |      ^~
Compilation failed
9d6f2fa
Wed 19 Apr 2023 10:12:32 PM UTC: 
 treemap.c | 2 +-
 1 file changed, 1 insertion(+), 1 deletion(-)
 tests:  4|7
total_score: 5/70
f9e74a6
Thu 20 Apr 2023 02:57:47 PM UTC: 
 treemap.c | 13 ++++++++++++-
 1 file changed, 12 insertions(+), 1 deletion(-)
In file included from test.c:4:
treemap.c: In function ‘searchTreeMap’:
treemap.c:78:29: error: ‘TreeMap’ has no member named ‘compareKeys’
   78 |         int cmpResult = tree->compareKeys(key, currentNode->key);
      |                             ^~
treemap.c:78:59: error: ‘TreeNode’ has no member named ‘key’
   78 |         int cmpResult = tree->compareKeys(key, currentNode->key);
      |                                                           ^~
treemap.c:87:1: error: control reaches end of non-void function [-Werror=return-type]
   87 | }
      | ^
cc1: all warnings being treated as errors
Compilation failed
e3efe56
Thu 20 Apr 2023 02:58:23 PM UTC: 
 treemap.c | 2 +-
 1 file changed, 1 insertion(+), 1 deletion(-)
In file included from test.c:4:
treemap.c: In function ‘searchTreeMap’:
treemap.c:78:29: error: ‘TreeMap’ has no member named ‘compareKeys’
   78 |         int cmpResult = tree->compareKeys(key, currentNode->key);
      |                             ^~
treemap.c:78:59: error: ‘TreeNode’ has no member named ‘key’
   78 |         int cmpResult = tree->compareKeys(key, currentNode->key);
      |                                                           ^~
treemap.c:84:21: error: assignment to ‘TreeNode *’ from ‘int’ makes pointer from integer without a cast [-Werror=int-conversion]
   84 |         currentNode = (cmpResult < 0)  currentNode->left : currentNode->right;
      |                     ^
treemap.c:84:38: error: expected ‘;’ before ‘currentNode’
   84 |         currentNode = (cmpResult < 0)  currentNode->left : currentNode->right;
      |                                      ^ ~~~~~~~~~~~
      |                                      ;
treemap.c:87:1: error: control reaches end of non-void function [-Werror=return-type]
   87 | }
      | ^
cc1: all warnings being treated as errors
Compilation failed
1600c04
Thu 20 Apr 2023 02:59:09 PM UTC: 
 treemap.c | 2 +-
 1 file changed, 1 insertion(+), 1 deletion(-)
In file included from test.c:4:
treemap.c: In function ‘searchTreeMap’:
treemap.c:78:29: error: ‘TreeMap’ has no member named ‘compareKeys’
   78 |         int cmpResult = tree->compareKeys(key, currentNode->key);
      |                             ^~
treemap.c:78:59: error: ‘TreeNode’ has no member named ‘key’
   78 |         int cmpResult = tree->compareKeys(key, currentNode->key);
      |                                                           ^~
treemap.c:84:21: error: assignment to ‘TreeNode *’ from ‘int’ makes pointer from integer without a cast [-Werror=int-conversion]
   84 |         currentNode = (cmpResult < 0) : currentNode->left : currentNode->right;
      |                     ^
treemap.c:84:38: error: expected ‘;’ before ‘:’ token
   84 |         currentNode = (cmpResult < 0) : currentNode->left : currentNode->right;
      |                                      ^~
      |                                      ;
treemap.c:87:1: error: control reaches end of non-void function [-Werror=return-type]
   87 | }
      | ^
cc1: all warnings being treated as errors
Compilation failed
17f864e
Thu 20 Apr 2023 02:59:46 PM UTC: 
 treemap.c | 5 ++++-
 1 file changed, 4 insertions(+), 1 deletion(-)
In file included from test.c:4:
treemap.c: In function ‘searchTreeMap’:
treemap.c:78:29: error: ‘TreeMap’ has no member named ‘compareKeys’
   78 |         int cmpResult = tree->compareKeys(key, currentNode->key);
      |                             ^~
treemap.c:78:59: error: ‘TreeNode’ has no member named ‘key’
   78 |         int cmpResult = tree->compareKeys(key, currentNode->key);
      |                                                           ^~
Compilation failed
870616d
Thu 20 Apr 2023 03:01:37 PM UTC: 
 treemap.c | 2 +-
 1 file changed, 1 insertion(+), 1 deletion(-)
In file included from test.c:4:
treemap.c: In function ‘searchTreeMap’:
treemap.c:78:29: error: ‘TreeMap’ has no member named ‘cmp’
   78 |         int cmpResult = tree->cmp(key, currentNode->key);
      |                             ^~
treemap.c:78:51: error: ‘TreeNode’ has no member named ‘key’
   78 |         int cmpResult = tree->cmp(key, currentNode->key);
      |                                                   ^~
Compilation failed
95ada69
Thu 20 Apr 2023 03:02:45 PM UTC: 
 treemap.c | 2 +-
 1 file changed, 1 insertion(+), 1 deletion(-)
In file included from test.c:4:
treemap.c: In function ‘searchTreeMap’:
treemap.c:78:29: error: ‘TreeMap’ has no member named ‘cmp’
   78 |         int cmpResult = tree->cmp(key , currentNode->pair->key);
      |                             ^~
Compilation failed
d9fcb1e
Thu 20 Apr 2023 03:07:48 PM UTC: 
 treemap.c | 24 ++++++++++++++++++++++++
 1 file changed, 24 insertions(+)
In file included from test.c:4:
treemap.c: In function ‘insertTreeMap’:
treemap.c:53:25: error: ‘TreeMap’ has no member named ‘compareKeys’
   53 |         cmpResult = tree->compareKeys(key, currentNode->pair->key);
      |                         ^~
treemap.c: In function ‘searchTreeMap’:
treemap.c:103:29: error: ‘TreeMap’ has no member named ‘cmp’
  103 |         int cmpResult = tree->cmp(key, currentNode->pair->key);
      |                             ^~
Compilation failed
d3ad24f
Thu 20 Apr 2023 03:11:53 PM UTC: 
 treemap.c | 5 +++++
 1 file changed, 5 insertions(+)
In file included from test.c:4:
treemap.c: In function ‘insertTreeMap’:
treemap.c:58:25: error: ‘TreeMap’ has no member named ‘compareKeys’
   58 |         cmpResult = tree->compareKeys(key, currentNode->pair->key);
      |                         ^~
treemap.c: In function ‘searchTreeMap’:
treemap.c:108:29: error: ‘TreeMap’ has no member named ‘cmp’
  108 |         int cmpResult = tree->cmp(key, currentNode->pair->key);
      |                             ^~
Compilation failed
7a1953b
Thu 20 Apr 2023 03:12:45 PM UTC: 
 treemap.c | 1 +
 1 file changed, 1 insertion(+)
In file included from test.c:4:
treemap.c:14:3: error: expected specifier-qualifier-list before ‘tree’
   14 |   tree->compareKeys = &compareIntKeys;
      |   ^~~~
treemap.c: In function ‘insertTreeMap’:
treemap.c:59:25: error: ‘TreeMap’ has no member named ‘compareKeys’
   59 |         cmpResult = tree->compareKeys(key, currentNode->pair->key);
      |                         ^~
treemap.c: In function ‘searchTreeMap’:
treemap.c:109:29: error: ‘TreeMap’ has no member named ‘cmp’
  109 |         int cmpResult = tree->cmp(key, currentNode->pair->key);
      |                             ^~
Compilation failed
4bd3ecd
Thu 20 Apr 2023 03:14:05 PM UTC: 
 treemap.c | 8 +-------
 1 file changed, 1 insertion(+), 7 deletions(-)
In file included from test.c:4:
treemap.c: In function ‘searchTreeMap’:
treemap.c:103:29: error: ‘TreeMap’ has no member named ‘cmp’
  103 |         int cmpResult = tree->cmp(key, currentNode->pair->key);
      |                             ^~
Compilation failed
ae03026
Thu 20 Apr 2023 03:14:25 PM UTC: 
 treemap.c | 2 +-
 1 file changed, 1 insertion(+), 1 deletion(-)
 tests:  6|7
total_score: 5/70
d80d949
Thu 20 Apr 2023 03:16:11 PM UTC: 
 treemap.c | 5 ++++-
 1 file changed, 4 insertions(+), 1 deletion(-)
 tests:  8|6
total_score: 5/70
72469d2
Thu 20 Apr 2023 03:18:52 PM UTC: 
 treemap.c | 32 ++++++++++++++++++++++++++++++++
 1 file changed, 32 insertions(+)
In file included from test.c:4:
treemap.c:119:1: error: expected identifier or ‘(’ before ‘}’ token
  119 | }
      | ^
Compilation failed
26f2ed5
Thu 20 Apr 2023 03:19:05 PM UTC: 
 treemap.c | 2 +-
 1 file changed, 1 insertion(+), 1 deletion(-)
 tests:  8|6
total_score: 5/70
f48c96b
Thu 20 Apr 2023 03:19:57 PM UTC: 
 treemap.c | 67 ---------------------------------------------------------------
 1 file changed, 67 deletions(-)
 tests:  6|6
total_score: 5/70
4400a14
Thu 20 Apr 2023 05:08:27 PM UTC: 
 treemap.c | 18 +++++++++++++++++-
 1 file changed, 17 insertions(+), 1 deletion(-)
 tests:  13|5
total_score: 15/70
7c41ccb
Thu 20 Apr 2023 05:29:21 PM UTC: 
 treemap.c | 26 ++++++++++++++++++++++++++
 1 file changed, 26 insertions(+)
In file included from test.c:4:
treemap.c: In function ‘insertTreeMap’:
treemap.c:54:20: error: the comparison will always evaluate as ‘true’ for the address of ‘searchTreeMap’ will never be NULL [-Werror=address]
   54 |   if(searchTreeMap != NULL) return;
      |                    ^~
treemap.c:58:5: error: this ‘if’ clause does not guard... [-Werror=misleading-indentation]
   58 |     if(tree->current->right==NULL);{
      |     ^~
treemap.c:58:36: note: ...this statement, but the latter is misleadingly indented as if it were guarded by the ‘if’
   58 |     if(tree->current->right==NULL);{
      |                                    ^
treemap.c:71:8: error: ‘return’ with a value, in function returning void [-Werror=return-type]
   71 | return NULL;
      |        ^~~~
treemap.c:47:6: note: declared here
   47 | void insertTreeMap(TreeMap * tree, void* key, void * value) {
      |      ^~~~~~~~~~~~~
cc1: all warnings being treated as errors
Compilation failed
988d5f2
Thu 20 Apr 2023 05:29:56 PM UTC: 
 treemap.c | 2 +-
 1 file changed, 1 insertion(+), 1 deletion(-)
In file included from test.c:4:
treemap.c: In function ‘insertTreeMap’:
treemap.c:58:5: error: this ‘if’ clause does not guard... [-Werror=misleading-indentation]
   58 |     if(tree->current->right==NULL);{
      |     ^~
treemap.c:58:36: note: ...this statement, but the latter is misleadingly indented as if it were guarded by the ‘if’
   58 |     if(tree->current->right==NULL);{
      |                                    ^
treemap.c:71:8: error: ‘return’ with a value, in function returning void [-Werror=return-type]
   71 | return NULL;
      |        ^~~~
treemap.c:47:6: note: declared here
   47 | void insertTreeMap(TreeMap * tree, void* key, void * value) {
      |      ^~~~~~~~~~~~~
cc1: all warnings being treated as errors
Compilation failed
831848f
Thu 20 Apr 2023 05:30:26 PM UTC: 
 treemap.c | 3 ++-
 1 file changed, 2 insertions(+), 1 deletion(-)
In file included from test.c:4:
treemap.c: In function ‘insertTreeMap’:
treemap.c:59:5: error: this ‘if’ clause does not guard... [-Werror=misleading-indentation]
   59 |     if(tree->current->right==NULL);{
      |     ^~
treemap.c:59:36: note: ...this statement, but the latter is misleadingly indented as if it were guarded by the ‘if’
   59 |     if(tree->current->right==NULL);{
      |                                    ^
treemap.c:72:8: error: ‘return’ with a value, in function returning void [-Werror=return-type]
   72 | return NULL;
      |        ^~~~
treemap.c:47:6: note: declared here
   47 | void insertTreeMap(TreeMap * tree, void* key, void * value) {
      |      ^~~~~~~~~~~~~
cc1: all warnings being treated as errors
Compilation failed
96d3e19
Thu 20 Apr 2023 05:30:56 PM UTC: 
 treemap.c | 2 +-
 1 file changed, 1 insertion(+), 1 deletion(-)
In file included from test.c:4:
treemap.c: In function ‘insertTreeMap’:
treemap.c:72:8: error: ‘return’ with a value, in function returning void [-Werror=return-type]
   72 | return NULL;
      |        ^~~~
treemap.c:47:6: note: declared here
   47 | void insertTreeMap(TreeMap * tree, void* key, void * value) {
      |      ^~~~~~~~~~~~~
cc1: all warnings being treated as errors
Compilation failed
b185aba
Thu 20 Apr 2023 05:31:15 PM UTC: 
 treemap.c | 2 ++
 1 file changed, 2 insertions(+)
In file included from test.c:4:
treemap.c: In function ‘insertTreeMap’:
treemap.c:74:8: error: ‘return’ with a value, in function returning void [-Werror=return-type]
   74 | return NULL;
      |        ^~~~
treemap.c:47:6: note: declared here
   47 | void insertTreeMap(TreeMap * tree, void* key, void * value) {
      |      ^~~~~~~~~~~~~
cc1: all warnings being treated as errors
Compilation failed
3a3e875
Thu 20 Apr 2023 05:33:50 PM UTC: 
 treemap.c | 2 ++
 1 file changed, 2 insertions(+)
In file included from test.c:4:
treemap.c: In function ‘insertTreeMap’:
treemap.c:69:7: error: expected ‘}’ before ‘else’
   69 |       else{
      |       ^~~~
treemap.c:74:8: error: ‘return’ with a value, in function returning void [-Werror=return-type]
   74 | return NULL;
      |        ^~~~
treemap.c:47:6: note: declared here
   47 | void insertTreeMap(TreeMap * tree, void* key, void * value) {
      |      ^~~~~~~~~~~~~
cc1: all warnings being treated as errors
Compilation failed
ea86f46
Thu 20 Apr 2023 05:34:09 PM UTC: 
 treemap.c | 1 -
 1 file changed, 1 deletion(-)
In file included from test.c:4:
treemap.c: In function ‘insertTreeMap’:
treemap.c:73:8: error: ‘return’ with a value, in function returning void [-Werror=return-type]
   73 | return NULL;
      |        ^~~~
treemap.c:47:6: note: declared here
   47 | void insertTreeMap(TreeMap * tree, void* key, void * value) {
      |      ^~~~~~~~~~~~~
cc1: all warnings being treated as errors
Compilation failed
c0971d1
Thu 20 Apr 2023 07:23:44 PM UTC: 
 treemap.c | 50 +++++++++++++++++++++++++++++++++++---------------
 1 file changed, 35 insertions(+), 15 deletions(-)
In file included from test.c:4:
treemap.c: In function ‘insertTreeMap’:
treemap.c:65:13: error: ‘TreeMap’ has no member named ‘size’
   65 |         tree->size++;
      |             ^~
treemap.c:72:17: error: ‘TreeMap’ has no member named ‘compare_keys’
   72 |         if (tree->compare_keys(key, tree->current->key) < 0) {
      |                 ^~
treemap.c:72:50: error: ‘TreeNode’ has no member named ‘key’
   72 |         if (tree->compare_keys(key, tree->current->key) < 0) {
      |                                                  ^~
treemap.c:77:21: error: ‘TreeMap’ has no member named ‘size’
   77 |                 tree->size++;
      |                     ^~
treemap.c:87:21: error: ‘TreeMap’ has no member named ‘size’
   87 |                 tree->size++;
      |                     ^~
Compilation failed
c12d9a0
Thu 20 Apr 2023 07:24:42 PM UTC: 
 treemap.c | 6 ++----
 1 file changed, 2 insertions(+), 4 deletions(-)
In file included from test.c:4:
treemap.c: In function ‘insertTreeMap’:
treemap.c:63:13: error: ‘TreeMap’ has no member named ‘size’
   63 |         tree->size++;
      |             ^~
treemap.c:70:17: error: ‘TreeMap’ has no member named ‘compare_keys’
   70 |         if (tree->compare_keys(key, tree->current->key) < 0) {
      |                 ^~
treemap.c:70:50: error: ‘TreeNode’ has no member named ‘key’
   70 |         if (tree->compare_keys(key, tree->current->key) < 0) {
      |                                                  ^~
treemap.c:75:21: error: ‘TreeMap’ has no member named ‘size’
   75 |                 tree->size++;
      |                     ^~
treemap.c:85:21: error: ‘TreeMap’ has no member named ‘size’
   85 |                 tree->size++;
      |                     ^~
Compilation failed
2d3d9f0
Thu 20 Apr 2023 07:25:11 PM UTC: 
 treemap.c | 3 ---
 1 file changed, 3 deletions(-)
In file included from test.c:4:
treemap.c: In function ‘insertTreeMap’:
treemap.c:69:17: error: ‘TreeMap’ has no member named ‘compare_keys’
   69 |         if (tree->compare_keys(key, tree->current->key) < 0) {
      |                 ^~
treemap.c:69:50: error: ‘TreeNode’ has no member named ‘key’
   69 |         if (tree->compare_keys(key, tree->current->key) < 0) {
      |                                                  ^~
Compilation failed
eb68a25
Thu 20 Apr 2023 07:25:36 PM UTC: 
 treemap.c | 2 +-
 1 file changed, 1 insertion(+), 1 deletion(-)
In file included from test.c:4:
treemap.c: In function ‘insertTreeMap’:
treemap.c:69:48: error: ‘TreeNode’ has no member named ‘key’
   69 |         if (tree->lower_than(key, tree->current->key) < 0) {
      |                                                ^~
Compilation failed
cbaf977
Thu 20 Apr 2023 07:26:08 PM UTC: 
 treemap.c | 2 +-
 1 file changed, 1 insertion(+), 1 deletion(-)
In file included from test.c:4:
treemap.c: In function ‘insertTreeMap’:
treemap.c:69:35: error: ‘current’ undeclared (first use in this function)
   69 |         if (tree->lower_than(key, current->key) < 0) {
      |                                   ^~~~~~~
treemap.c:69:35: note: each undeclared identifier is reported only once for each function it appears in
Compilation failed
8cc9416
Thu 20 Apr 2023 07:26:18 PM UTC: 
 treemap.c | 2 +-
 1 file changed, 1 insertion(+), 1 deletion(-)
In file included from test.c:4:
treemap.c: In function ‘insertTreeMap’:
treemap.c:69:48: error: ‘TreeNode’ has no member named ‘key’
   69 |         if (tree->lower_than(key, tree->current->key) < 0) {
      |                                                ^~
Compilation failed
7edb15d
Thu 20 Apr 2023 07:28:10 PM UTC: 
 treemap.c | 1 +
 1 file changed, 1 insertion(+)
 tests:  0|0
1992001
Thu 20 Apr 2023 07:28:28 PM UTC: 
 treemap.c | 1 -
 1 file changed, 1 deletion(-)
In file included from test.c:4:
treemap.c: In function ‘insertTreeMap’:
treemap.c:69:48: error: ‘TreeNode’ has no member named ‘key’
   69 |         if (tree->lower_than(key, tree->current->key) < 0) {
      |                                                ^~
Compilation failed
6c815f8
Thu 20 Apr 2023 07:33:56 PM UTC: 
 treemap.c | 88 ++++++++++++++++++++++++++++++++++-----------------------------
 1 file changed, 47 insertions(+), 41 deletions(-)
In file included from test.c:4:
treemap.c: In function ‘nextTreeMap’:
treemap.c:118:29: error: ‘current’ undeclared (first use in this function)
  118 |         if (tree == NULL || current == NULL) {
      |                             ^~~~~~~
treemap.c:118:29: note: each undeclared identifier is reported only once for each function it appears in
treemap.c:157:1: error: control reaches end of non-void function [-Werror=return-type]
  157 | }
      | ^
cc1: all warnings being treated as errors
Compilation failed
2475daf
Thu 20 Apr 2023 07:34:14 PM UTC: 
 treemap.c | 2 +-
 1 file changed, 1 insertion(+), 1 deletion(-)
In file included from test.c:4:
treemap.c: In function ‘nextTreeMap’:
treemap.c:122:9: error: ‘current’ undeclared (first use in this function)
  122 |     if (current->right != NULL) {
      |         ^~~~~~~
treemap.c:122:9: note: each undeclared identifier is reported only once for each function it appears in
treemap.c:157:1: error: control reaches end of non-void function [-Werror=return-type]
  157 | }
      | ^
cc1: all warnings being treated as errors
Compilation failed
d8e7d3e
Thu 20 Apr 2023 07:34:32 PM UTC: 
 treemap.c | 2 +-
 1 file changed, 1 insertion(+), 1 deletion(-)
In file included from test.c:4:
treemap.c: In function ‘nextTreeMap’:
treemap.c:122:9: error: ‘current’ undeclared (first use in this function)
  122 |     if (current->right != NULL) {
      |         ^~~~~~~
treemap.c:122:9: note: each undeclared identifier is reported only once for each function it appears in
treemap.c:157:1: error: control reaches end of non-void function [-Werror=return-type]
  157 | }
      | ^
cc1: all warnings being treated as errors
Compilation failed
f7b9d15
Thu 20 Apr 2023 07:34:49 PM UTC: 
 treemap.c | 4 ++--
 1 file changed, 2 insertions(+), 2 deletions(-)
In file included from test.c:4:
treemap.c: In function ‘nextTreeMap’:
treemap.c:124:9: error: ‘current’ undeclared (first use in this function)
  124 |         current = current->right;
      |         ^~~~~~~
treemap.c:124:9: note: each undeclared identifier is reported only once for each function it appears in
treemap.c:129:6: error: ‘else’ without a previous ‘if’
  129 |      else {
      |      ^~~~
Compilation failed
c2f7633
Thu 20 Apr 2023 07:35:06 PM UTC: 
 treemap.c | 2 +-
 1 file changed, 1 insertion(+), 1 deletion(-)
In file included from test.c:4:
treemap.c: In function ‘nextTreeMap’:
treemap.c:122:9: error: ‘current’ undeclared (first use in this function)
  122 |     if (current->right != NULL) {
      |         ^~~~~~~
treemap.c:122:9: note: each undeclared identifier is reported only once for each function it appears in
treemap.c:129:6: error: expected ‘}’ before ‘else’
  129 |      else {
      |      ^~~~
treemap.c:157:1: error: control reaches end of non-void function [-Werror=return-type]
  157 | }
      | ^
cc1: all warnings being treated as errors
Compilation failed
856dc4c
Thu 20 Apr 2023 07:35:15 PM UTC: 
 treemap.c | 2 +-
 1 file changed, 1 insertion(+), 1 deletion(-)
In file included from test.c:4:
treemap.c: In function ‘nextTreeMap’:
treemap.c:122:9: error: ‘current’ undeclared (first use in this function)
  122 |     if (current->right != NULL) {
      |         ^~~~~~~
treemap.c:122:9: note: each undeclared identifier is reported only once for each function it appears in
treemap.c:157:1: error: control reaches end of non-void function [-Werror=return-type]
  157 | }
      | ^
cc1: all warnings being treated as errors
Compilation failed
3d6b0b1
Thu 20 Apr 2023 07:35:31 PM UTC: 
 treemap.c | 2 +-
 1 file changed, 1 insertion(+), 1 deletion(-)
In file included from test.c:4:
treemap.c: In function ‘nextTreeMap’:
treemap.c:122:9: error: ‘current’ undeclared (first use in this function)
  122 |     if (current->right != NULL) {
      |         ^~~~~~~
treemap.c:122:9: note: each undeclared identifier is reported only once for each function it appears in
test.c:503:5: error: ‘main’ is normally a non-static function [-Werror=main]
  503 | int main( int argc, char *argv[] ) {
      |     ^~~~
test.c:606:1: error: expected declaration or statement at end of input
  606 | }
      | ^
test.c:606: error: control reaches end of non-void function [-Werror=return-type]
  606 | }
      | 
At top level:
test.c:503:5: error: ‘main’ defined but not used [-Werror=unused-function]
  503 | int main( int argc, char *argv[] ) {
      |     ^~~~
cc1: all warnings being treated as errors
Compilation failed
311366b
Thu 20 Apr 2023 07:35:38 PM UTC: 
 treemap.c | 2 +-
 1 file changed, 1 insertion(+), 1 deletion(-)
In file included from test.c:4:
treemap.c: In function ‘nextTreeMap’:
treemap.c:122:9: error: ‘current’ undeclared (first use in this function)
  122 |     if (current->right != NULL) {
      |         ^~~~~~~
treemap.c:122:9: note: each undeclared identifier is reported only once for each function it appears in
treemap.c:157:1: error: control reaches end of non-void function [-Werror=return-type]
  157 | }
      | ^
cc1: all warnings being treated as errors
Compilation failed
223b442
Thu 20 Apr 2023 07:37:21 PM UTC: 
 treemap.c | 4 ++--
 1 file changed, 2 insertions(+), 2 deletions(-)
In file included from test.c:4:
treemap.c: In function ‘nextTreeMap’:
treemap.c:121:5: error: ‘current’ undeclared (first use in this function)
  121 |     current = current->right;
      |     ^~~~~~~
treemap.c:121:5: note: each undeclared identifier is reported only once for each function it appears in
treemap.c:157:1: error: control reaches end of non-void function [-Werror=return-type]
  157 | }
      | ^
cc1: all warnings being treated as errors
Compilation failed
634f0c0
Thu 20 Apr 2023 07:37:37 PM UTC: 
 treemap.c | 3 +--
 1 file changed, 1 insertion(+), 2 deletions(-)
In file included from test.c:4:
treemap.c: In function ‘nextTreeMap’:
treemap.c:121:9: error: ‘current’ undeclared (first use in this function)
  121 |     if (current->right != NULL) {
      |         ^~~~~~~
treemap.c:121:9: note: each undeclared identifier is reported only once for each function it appears in
treemap.c:156:1: error: control reaches end of non-void function [-Werror=return-type]
  156 | }
      | ^
cc1: all warnings being treated as errors
Compilation failed
0e24e70
Thu 20 Apr 2023 07:38:07 PM UTC: 
 treemap.c | 23 ++++-------------------
 1 file changed, 4 insertions(+), 19 deletions(-)
 tests:  15|4
total_score: 20/70
1ed6ba6
Thu 20 Apr 2023 10:21:44 PM UTC: 
 treemap.c | 30 ++++++++++++++++++++++++++++++
 1 file changed, 30 insertions(+)
In file included from test.c:4:
treemap.c: In function ‘insertTreeMap’:
treemap.c:60:17: error: ‘TreeMap’ has no member named ‘cuerrent’; did you mean ‘current’?
   60 |           tree->cuerrent->right = createTreeNode( key, value );
      |                 ^~~~~~~~
      |                 current
treemap.c:61:17: error: ‘TreeMap’ has no member named ‘cuerrent’; did you mean ‘current’?
   61 |           tree->cuerrent->right->parent =tree->current;
      |                 ^~~~~~~~
      |                 current
treemap.c:65:31: error: ‘TreeMap’ has no member named ‘cuerrent’; did you mean ‘current’?
   65 |         tree->current = tree->cuerrent->right;
      |                               ^~~~~~~~
      |                               current
treemap.c:69:17: error: ‘TreeMap’ has no member named ‘cuerrent’; did you mean ‘current’?
   69 |           tree->cuerrent->left = createTreeNode( key, value );
      |                 ^~~~~~~~
      |                 current
treemap.c:70:17: error: ‘TreeMap’ has no member named ‘cuerrent’; did you mean ‘current’?
   70 |           tree->cuerrent->left->parent =tree->current;
      |                 ^~~~~~~~
      |                 current
treemap.c:75:31: error: ‘TreeMap’ has no member named ‘cuerrent’; did you mean ‘current’?
   75 |         tree->current = tree->cuerrent->left;
      |                               ^~~~~~~~
      |                               current
test.c:503:5: error: ‘main’ is normally a non-static function [-Werror=main]
  503 | int main( int argc, char *argv[] ) {
      |     ^~~~
test.c:606:1: error: expected declaration or statement at end of input
  606 | }
      | ^
At top level:
test.c:503:5: error: ‘main’ defined but not used [-Werror=unused-function]
  503 | int main( int argc, char *argv[] ) {
      |     ^~~~
cc1: all warnings being treated as errors
Compilation failed
709f34b
Thu 20 Apr 2023 10:22:17 PM UTC: 
 treemap.c | 6 +++---
 1 file changed, 3 insertions(+), 3 deletions(-)
In file included from test.c:4:
treemap.c: In function ‘insertTreeMap’:
treemap.c:69:17: error: ‘TreeMap’ has no member named ‘cuerrent’; did you mean ‘current’?
   69 |           tree->cuerrent->left = createTreeNode( key, value );
      |                 ^~~~~~~~
      |                 current
treemap.c:70:17: error: ‘TreeMap’ has no member named ‘cuerrent’; did you mean ‘current’?
   70 |           tree->cuerrent->left->parent =tree->current;
      |                 ^~~~~~~~
      |                 current
treemap.c:75:31: error: ‘TreeMap’ has no member named ‘cuerrent’; did you mean ‘current’?
   75 |         tree->current = tree->cuerrent->left;
      |                               ^~~~~~~~
      |                               current
test.c:503:5: error: ‘main’ is normally a non-static function [-Werror=main]
  503 | int main( int argc, char *argv[] ) {
      |     ^~~~
test.c:606:1: error: expected declaration or statement at end of input
  606 | }
      | ^
At top level:
test.c:503:5: error: ‘main’ defined but not used [-Werror=unused-function]
  503 | int main( int argc, char *argv[] ) {
      |     ^~~~
cc1: all warnings being treated as errors
Compilation failed
d3f1407
Thu 20 Apr 2023 10:22:21 PM UTC: 
 treemap.c | 2 +-
 1 file changed, 1 insertion(+), 1 deletion(-)
In file included from test.c:4:
treemap.c: In function ‘insertTreeMap’:
treemap.c:69:17: error: ‘TreeMap’ has no member named ‘cuerrent’; did you mean ‘current’?
   69 |           tree->cuerrent->left = createTreeNode( key, value );
      |                 ^~~~~~~~
      |                 current
treemap.c:70:17: error: ‘TreeMap’ has no member named ‘cuerrent’; did you mean ‘current’?
   70 |           tree->cuerrent->left->parent =tree->current;
      |                 ^~~~~~~~
      |                 current
test.c:503:5: error: ‘main’ is normally a non-static function [-Werror=main]
  503 | int main( int argc, char *argv[] ) {
      |     ^~~~
test.c:606:1: error: expected declaration or statement at end of input
  606 | }
      | ^
At top level:
test.c:503:5: error: ‘main’ defined but not used [-Werror=unused-function]
  503 | int main( int argc, char *argv[] ) {
      |     ^~~~
cc1: all warnings being treated as errors
Compilation failed
d40b807
Thu 20 Apr 2023 10:22:32 PM UTC: 
 treemap.c | 4 ++--
 1 file changed, 2 insertions(+), 2 deletions(-)
test.c: In function ‘insertTreeMap’:
test.c:503:5: error: ‘main’ is normally a non-static function [-Werror=main]
  503 | int main( int argc, char *argv[] ) {
      |     ^~~~
test.c:606:1: error: expected declaration or statement at end of input
  606 | }
      | ^
At top level:
test.c:503:5: error: ‘main’ defined but not used [-Werror=unused-function]
  503 | int main( int argc, char *argv[] ) {
      |     ^~~~
cc1: all warnings being treated as errors
Compilation failed
2adb22b
Thu 20 Apr 2023 10:22:56 PM UTC: 
 treemap.c | 1 +
 1 file changed, 1 insertion(+)
 tests:  0|0
8f5f251
Thu 20 Apr 2023 10:25:41 PM UTC: 
 treemap.c | 9 +++------
 1 file changed, 3 insertions(+), 6 deletions(-)
 tests:  15|4
total_score: 20/70
deb6852
Thu 20 Apr 2023 10:27:33 PM UTC: 
 treemap.c | 4 +++-
 1 file changed, 3 insertions(+), 1 deletion(-)
 tests:  15|4
total_score: 20/70
bf6cb78
Thu 20 Apr 2023 11:14:15 PM UTC: 
 treemap.c | 4 ++--
 1 file changed, 2 insertions(+), 2 deletions(-)
 tests:  17|3
total_score: 30/70
cdabce6
Thu 20 Apr 2023 11:32:42 PM UTC: 
 treemap.c | 31 +++++++++++++++++++++++++++++++
 1 file changed, 31 insertions(+)
In file included from test.c:4:
treemap.c: In function ‘removeNode’:
treemap.c:115:13: error: ‘TreeNode’ has no member named ‘key’
  115 |         node->key = successor->key;
      |             ^~
treemap.c:115:30: error: ‘TreeNode’ has no member named ‘key’
  115 |         node->key = successor->key;
      |                              ^~
treemap.c:116:13: error: ‘TreeNode’ has no member named ‘value’
  116 |         node->value = successor->value;
      |             ^~
treemap.c:116:32: error: ‘TreeNode’ has no member named ‘value’
  116 |         node->value = successor->value;
      |                                ^~
Compilation failed
79e92dd
Thu 20 Apr 2023 11:33:41 PM UTC: 
 treemap.c | 4 ++--
 1 file changed, 2 insertions(+), 2 deletions(-)
In file included from test.c:4:
treemap.c: In function ‘removeNode’:
treemap.c:115:9: error: ‘TreeNode’ has no member named ‘data’
  115 |     node->data = successor->data;
      |         ^~
treemap.c:115:27: error: ‘TreeNode’ has no member named ‘data’
  115 |     node->data = successor->data;
      |                           ^~
treemap.c:116:9: error: ‘TreeNode’ has no member named ‘count’
  116 |     node->count = successor->count;
      |         ^~
treemap.c:116:28: error: ‘TreeNode’ has no member named ‘count’
  116 |     node->count = successor->count;
      |                            ^~
Compilation failed
e24416c
Thu 20 Apr 2023 11:35:04 PM UTC: 
 treemap.c | 12 ++++++------
 1 file changed, 6 insertions(+), 6 deletions(-)
 tests:  19|3
total_score: 40/70
074e8f4
Thu 20 Apr 2023 11:44:33 PM UTC: 
 treemap.c | 12 ++++++------
 1 file changed, 6 insertions(+), 6 deletions(-)
In file included from test.c:4:
treemap.c: In function ‘removeNode’:
treemap.c:115:9: error: ‘TreeNode’ has no member named ‘data’
  115 |     node->data = successor->data;
      |         ^~
treemap.c:115:27: error: ‘TreeNode’ has no member named ‘data’
  115 |     node->data = successor->data;
      |                           ^~
treemap.c:116:9: error: ‘TreeNode’ has no member named ‘count’
  116 |     node->count = successor->count;
      |         ^~
treemap.c:116:28: error: ‘TreeNode’ has no member named ‘count’
  116 |     node->count = successor->count;
      |                            ^~
Compilation failed
8ec4134
Thu 20 Apr 2023 11:45:24 PM UTC: 
 treemap.c | 5 +++--
 1 file changed, 3 insertions(+), 2 deletions(-)
In file included from test.c:4:
treemap.c: In function ‘removeNode’:
treemap.c:115:9: error: ‘TreeNode’ has no member named ‘key’
  115 |     node->key = successor->key;
      |         ^~
treemap.c:115:26: error: ‘TreeNode’ has no member named ‘key’
  115 |     node->key = successor->key;
      |                          ^~
treemap.c:116:9: error: ‘TreeNode’ has no member named ‘value’
  116 |     node->value = successor->value;
      |         ^~
treemap.c:116:28: error: ‘TreeNode’ has no member named ‘value’
  116 |     node->value = successor->value;
      |                            ^~
treemap.c:117:9: error: ‘TreeNode’ has no member named ‘balance’
  117 |     node->balance = successor->balance;
      |         ^~
treemap.c:117:30: error: ‘TreeNode’ has no member named ‘balance’
  117 |     node->balance = successor->balance;
      |                              ^~
Compilation failed
82d591f
Thu 20 Apr 2023 11:55:12 PM UTC: 
 treemap.c | 23 +++++++++++++++++++++++
 1 file changed, 23 insertions(+)
In file included from test.c:4:
treemap.c: In function ‘removeNode’:
treemap.c:115:9: error: ‘TreeNode’ has no member named ‘key’
  115 |     node->key = successor->key;
      |         ^~
treemap.c:115:26: error: ‘TreeNode’ has no member named ‘key’
  115 |     node->key = successor->key;
      |                          ^~
treemap.c:116:9: error: ‘TreeNode’ has no member named ‘value’
  116 |     node->value = successor->value;
      |         ^~
treemap.c:116:28: error: ‘TreeNode’ has no member named ‘value’
  116 |     node->value = successor->value;
      |                            ^~
treemap.c:117:9: error: ‘TreeNode’ has no member named ‘balance’
  117 |     node->balance = successor->balance;
      |         ^~
treemap.c:117:30: error: ‘TreeNode’ has no member named ‘balance’
  117 |     node->balance = successor->balance;
      |                              ^~
treemap.c: In function ‘upperBound’:
treemap.c:167:17: error: ‘TreeMap’ has no member named ‘compare’
  167 |         if (tree->compare(key, current->key) < 0) {
      |                 ^~
treemap.c:167:39: error: ‘TreeNode’ has no member named ‘key’
  167 |         if (tree->compare(key, current->key) < 0) {
      |                                       ^~
treemap.c:171:22: error: ‘TreeMap’ has no member named ‘compare’
  171 |         else if (tree->compare(key, current->key) > 0) {
      |                      ^~
treemap.c:171:44: error: ‘TreeNode’ has no member named ‘key’
  171 |         else if (tree->compare(key, current->key) > 0) {
      |                                            ^~
treemap.c:175:28: error: ‘TreeNode’ has no member named ‘data’
  175 |             return &current->data;
      |                            ^~
treemap.c:181:24: error: ‘TreeNode’ has no member named ‘data’
  181 |         return &ub_node->data;
      |                        ^~
treemap.c:186:1: error: control reaches end of non-void function [-Werror=return-type]
  186 | }
      | ^
cc1: all warnings being treated as errors
Compilation failed
a4c10b2
Thu 20 Apr 2023 11:55:30 PM UTC: 
 treemap.c | 14 +++++++-------
 1 file changed, 7 insertions(+), 7 deletions(-)
In file included from test.c:4:
treemap.c: In function ‘upperBound’:
treemap.c:167:17: error: ‘TreeMap’ has no member named ‘compare’
  167 |         if (tree->compare(key, current->key) < 0) {
      |                 ^~
treemap.c:167:39: error: ‘TreeNode’ has no member named ‘key’
  167 |         if (tree->compare(key, current->key) < 0) {
      |                                       ^~
treemap.c:171:22: error: ‘TreeMap’ has no member named ‘compare’
  171 |         else if (tree->compare(key, current->key) > 0) {
      |                      ^~
treemap.c:171:44: error: ‘TreeNode’ has no member named ‘key’
  171 |         else if (tree->compare(key, current->key) > 0) {
      |                                            ^~
treemap.c:175:28: error: ‘TreeNode’ has no member named ‘data’
  175 |             return &current->data;
      |                            ^~
treemap.c:181:24: error: ‘TreeNode’ has no member named ‘data’
  181 |         return &ub_node->data;
      |                        ^~
treemap.c:186:1: error: control reaches end of non-void function [-Werror=return-type]
  186 | }
      | ^
cc1: all warnings being treated as errors
Compilation failed
2eea59b
Thu 20 Apr 2023 11:56:04 PM UTC: 
 treemap.c | 4 ++--
 1 file changed, 2 insertions(+), 2 deletions(-)
In file included from test.c:4:
treemap.c: In function ‘upperBound’:
treemap.c:167:42: error: ‘TreeNode’ has no member named ‘key’
  167 |         if (tree->lower_than(key, current->key) < 0) {
      |                                          ^~
treemap.c:171:47: error: ‘TreeNode’ has no member named ‘key’
  171 |         else if (tree->lower_than(key, current->key) > 0) {
      |                                               ^~
treemap.c:175:28: error: ‘TreeNode’ has no member named ‘data’
  175 |             return &current->data;
      |                            ^~
treemap.c:181:24: error: ‘TreeNode’ has no member named ‘data’
  181 |         return &ub_node->data;
      |                        ^~
treemap.c:186:1: error: control reaches end of non-void function [-Werror=return-type]
  186 | }
      | ^
cc1: all warnings being treated as errors
Compilation failed
055a4f3
Thu 20 Apr 2023 11:56:44 PM UTC: 
 treemap.c | 2 +-
 1 file changed, 1 insertion(+), 1 deletion(-)
In file included from test.c:4:
treemap.c: In function ‘upperBound’:
treemap.c:167:42: error: ‘TreeNode’ has no member named ‘key’
  167 |         if (tree->lower_than(key, current->key) < 0) {
      |                                          ^~
treemap.c:171:47: error: ‘TreeNode’ has no member named ‘key’
  171 |         else if (tree->lower_than(key, current->key) > 0) {
      |                                               ^~
treemap.c:175:27: error: ‘TreeNode’ has no member named ‘data’
  175 |             return current->data;
      |                           ^~
treemap.c:181:24: error: ‘TreeNode’ has no member named ‘data’
  181 |         return &ub_node->data;
      |                        ^~
treemap.c:186:1: error: control reaches end of non-void function [-Werror=return-type]
  186 | }
      | ^
cc1: all warnings being treated as errors
Compilation failed
3732808
Thu 20 Apr 2023 11:57:13 PM UTC: 
 treemap.c | 1 +
 1 file changed, 1 insertion(+)
In file included from test.c:4:
treemap.c: In function ‘upperBound’:
treemap.c:167:42: error: ‘TreeNode’ has no member named ‘key’
  167 |         if (tree->lower_than(key, current->key) < 0) {
      |                                          ^~
treemap.c:171:47: error: ‘TreeNode’ has no member named ‘key’
  171 |         else if (tree->lower_than(key, current->key) > 0) {
      |                                               ^~
treemap.c:175:27: error: ‘TreeNode’ has no member named ‘data’
  175 |             return current->data;
      |                           ^~
treemap.c:181:24: error: ‘TreeNode’ has no member named ‘data’
  181 |         return &ub_node->data;
      |                        ^~
treemap.c: At top level:
treemap.c:187:1: error: expected identifier or ‘(’ before ‘}’ token
  187 | }
      | ^
treemap.c: In function ‘upperBound’:
treemap.c:186:1: error: control reaches end of non-void function [-Werror=return-type]
  186 | }
      | ^
cc1: all warnings being treated as errors
Compilation failed
8734e1d
Thu 20 Apr 2023 11:57:17 PM UTC: 
 treemap.c | 2 +-
 1 file changed, 1 insertion(+), 1 deletion(-)
In file included from test.c:4:
treemap.c: In function ‘upperBound’:
treemap.c:167:42: error: ‘TreeNode’ has no member named ‘key’
  167 |         if (tree->lower_than(key, current->key) < 0) {
      |                                          ^~
treemap.c:171:47: error: ‘TreeNode’ has no member named ‘key’
  171 |         else if (tree->lower_than(key, current->key) > 0) {
      |                                               ^~
treemap.c:175:27: error: ‘TreeNode’ has no member named ‘data’
  175 |             return current->data;
      |                           ^~
treemap.c:181:24: error: ‘TreeNode’ has no member named ‘data’
  181 |         return &ub_node->data;
      |                        ^~
treemap.c:186:1: error: control reaches end of non-void function [-Werror=return-type]
  186 | }
      | ^
cc1: all warnings being treated as errors
Compilation failed
9e8c903
Thu 20 Apr 2023 11:58:39 PM UTC: 
 treemap.c | 10 ++++------
 1 file changed, 4 insertions(+), 6 deletions(-)
In file included from test.c:4:
treemap.c: In function ‘upperBound’:
treemap.c:166:42: error: ‘TreeNode’ has no member named ‘key_ptr’
  166 |         if (tree->lower_than(key, current->key_ptr) < 0) {
      |                                          ^~
treemap.c:170:47: error: ‘TreeNode’ has no member named ‘key_ptr’
  170 |         else if (tree->lower_than(key, current->key_ptr) > 0) {
      |                                               ^~
treemap.c:179:16: error: returning ‘Pair **’ from a function with incompatible return type ‘Pair *’ [-Werror=incompatible-pointer-types]
  179 |         return &ub_node->pair;
      |                ^~~~~~~~~~~~~~
cc1: all warnings being treated as errors
Compilation failed
5d31440
Thu 20 Apr 2023 11:59:23 PM UTC: 
 treemap.c | 4 ++--
 1 file changed, 2 insertions(+), 2 deletions(-)
In file included from test.c:4:
treemap.c: In function ‘upperBound’:
treemap.c:179:16: error: returning ‘Pair **’ from a function with incompatible return type ‘Pair *’ [-Werror=incompatible-pointer-types]
  179 |         return &ub_node->pair;
      |                ^~~~~~~~~~~~~~
cc1: all warnings being treated as errors
Compilation failed
eaf8952
Thu 20 Apr 2023 11:59:38 PM UTC: 
 treemap.c | 2 +-
 1 file changed, 1 insertion(+), 1 deletion(-)
 tests:  0|0
6e2f0a4
Fri 21 Apr 2023 12:00:19 AM UTC: 
 treemap.c | 4 ++--
 1 file changed, 2 insertions(+), 2 deletions(-)
 tests:  19|3
total_score: 40/70
3af3c39
Fri 21 Apr 2023 12:46:41 AM UTC: 
 treemap.c | 2 +-
 1 file changed, 1 insertion(+), 1 deletion(-)
 tests:  19|3
total_score: 40/70
4582d85
Fri 21 Apr 2023 12:47:46 AM UTC: 
 treemap.c | 6 ++----
 1 file changed, 2 insertions(+), 4 deletions(-)
 tests:  19|3
total_score: 40/70
4d1b990
Fri 21 Apr 2023 12:48:02 AM UTC: 
 treemap.c | 1 -
 1 file changed, 1 deletion(-)
 tests:  19|3
total_score: 40/70
3851889
Fri 21 Apr 2023 01:11:26 AM UTC: 
 treemap.c | 8 +++++++-
 1 file changed, 7 insertions(+), 1 deletion(-)
 tests:  19|3
total_score: 40/70
45be35e
Fri 21 Apr 2023 01:17:23 AM UTC: 
 treemap.c | 6 +++++-
 1 file changed, 5 insertions(+), 1 deletion(-)
 tests:  19|3
total_score: 40/70
ccd40c8
Fri 21 Apr 2023 01:17:40 AM UTC: 
 treemap.c | 2 +-
 1 file changed, 1 insertion(+), 1 deletion(-)
 tests:  19|3
total_score: 40/70
2618533
Sat 22 Apr 2023 03:36:35 PM UTC: 
 treemap.c | 14 +++++++-------
 1 file changed, 7 insertions(+), 7 deletions(-)
In file included from test.c:4:
treemap.c: In function ‘removeNode’:
treemap.c:115:9: error: ‘TreeNode’ has no member named ‘key’
  115 |     node->key = parent->key;
      |         ^~
treemap.c:115:23: error: ‘TreeNode’ has no member named ‘key’
  115 |     node->key = parent->key;
      |                       ^~
treemap.c:116:9: error: ‘TreeNode’ has no member named ‘value’
  116 |     node->value = parent->value;
      |         ^~
treemap.c:116:25: error: ‘TreeNode’ has no member named ‘value’
  116 |     node->value = parent->value;
      |                         ^~
treemap.c:117:9: error: ‘TreeNode’ has no member named ‘balance’
  117 |     node->balance = parent->balance;
      |         ^~
treemap.c:117:27: error: ‘TreeNode’ has no member named ‘balance’
  117 |     node->balance = parent->balance;
      |                           ^~
Compilation failed
6ecbea6
Sat 22 Apr 2023 03:38:56 PM UTC: 
 treemap.c | 9 ++++-----
 1 file changed, 4 insertions(+), 5 deletions(-)
In file included from test.c:4:
treemap.c: In function ‘removeNode’:
treemap.c:115:13: error: ‘TreeNode’ has no member named ‘key’
  115 |         node->key = min_node->key;
      |             ^~
treemap.c:115:29: error: ‘TreeNode’ has no member named ‘key’
  115 |         node->key = min_node->key;
      |                             ^~
treemap.c:116:13: error: ‘TreeNode’ has no member named ‘value’
  116 |         node->value = min_node->value;
      |             ^~
treemap.c:116:31: error: ‘TreeNode’ has no member named ‘value’
  116 |         node->value = min_node->value;
      |                               ^~
Compilation failed
42aa78c
Sat 22 Apr 2023 03:39:14 PM UTC: 
 treemap.c | 12 ++++++------
 1 file changed, 6 insertions(+), 6 deletions(-)
 tests:  19|3
total_score: 40/70
cad5a47
Sat 22 Apr 2023 06:09:30 PM UTC: 
 treemap.c | 19 ++++++++-----------
 1 file changed, 8 insertions(+), 11 deletions(-)
In file included from test.c:4:
treemap.c: In function ‘upperBound’:
treemap.c:161:5: error: unknown type name ‘Node’
  161 |     Node* current = tree->root;
      |     ^~~~
treemap.c:161:21: error: initialization of ‘int *’ from incompatible pointer type ‘TreeNode *’ [-Werror=incompatible-pointer-types]
  161 |     Node* current = tree->root;
      |                     ^~~~
treemap.c:162:5: error: unknown type name ‘Node’
  162 |     Node* ub_node = NULL;
      |     ^~~~
treemap.c:165:36: error: request for member ‘key’ in something not a structure or union
  165 |         if(tree->lower_than(current->key, key)){
      |                                    ^~
treemap.c:166:30: error: request for member ‘right’ in something not a structure or union
  166 |             current = current->right;
      |                              ^~
treemap.c:170:30: error: request for member ‘left’ in something not a structure or union
  170 |             current = current->left;
      |                              ^~
treemap.c:178:16: error: implicit declaration of function ‘createPair’ [-Werror=implicit-function-declaration]
  178 |         return createPair(ub_node->key, ub_node->value);
      |                ^~~~~~~~~~
treemap.c:178:34: error: request for member ‘key’ in something not a structure or union
  178 |         return createPair(ub_node->key, ub_node->value);
      |                                  ^~
treemap.c:178:48: error: request for member ‘value’ in something not a structure or union
  178 |         return createPair(ub_node->key, ub_node->value);
      |                                                ^~
treemap.c:180:1: error: control reaches end of non-void function [-Werror=return-type]
  180 | }
      | ^
cc1: all warnings being treated as errors
Compilation failed
b9b6724
Sat 22 Apr 2023 06:10:16 PM UTC: 
 treemap.c | 18 ------------------
 1 file changed, 18 deletions(-)
In file included from test.c:4:
treemap.c: In function ‘upperBound’:
treemap.c:162:1: error: control reaches end of non-void function [-Werror=return-type]
  162 | }
      | ^
cc1: all warnings being treated as errors
Compilation failed
df89433
Sat 22 Apr 2023 06:10:20 PM UTC: 
 treemap.c | 18 ++++++++++++++++++
 1 file changed, 18 insertions(+)
In file included from test.c:4:
treemap.c: In function ‘upperBound’:
treemap.c:161:5: error: unknown type name ‘Node’
  161 |     Node * current = tree->root;
      |     ^~~~
treemap.c:161:22: error: initialization of ‘int *’ from incompatible pointer type ‘TreeNode *’ [-Werror=incompatible-pointer-types]
  161 |     Node * current = tree->root;
      |                      ^~~~
treemap.c:162:5: error: unknown type name ‘Node’
  162 |     Node * ub_node = NULL;
      |     ^~~~
treemap.c:165:36: error: request for member ‘key’ in something not a structure or union
  165 |         if(tree->lower_than(current->key, key)){
      |                                    ^~
treemap.c:166:30: error: request for member ‘right’ in something not a structure or union
  166 |             current = current->right;
      |                              ^~
treemap.c:170:30: error: request for member ‘left’ in something not a structure or union
  170 |             current = current->left;
      |                              ^~
treemap.c:178:16: error: implicit declaration of function ‘createPair’ [-Werror=implicit-function-declaration]
  178 |         return createPair(ub_node->key, ub_node->value);
      |                ^~~~~~~~~~
treemap.c:178:34: error: request for member ‘key’ in something not a structure or union
  178 |         return createPair(ub_node->key, ub_node->value);
      |                                  ^~
treemap.c:178:48: error: request for member ‘value’ in something not a structure or union
  178 |         return createPair(ub_node->key, ub_node->value);
      |                                                ^~
treemap.c:180:1: error: control reaches end of non-void function [-Werror=return-type]
  180 | }
      | ^
cc1: all warnings being treated as errors
Compilation failed
4fd1f2b
Sat 22 Apr 2023 06:15:11 PM UTC: 
 treemap.c | 54 +++++++++++++-----------------------------------------
 1 file changed, 13 insertions(+), 41 deletions(-)
 tests:  23|2
total_score: 50/70
38db45d
Sat 22 Apr 2023 06:15:52 PM UTC: 
 treemap.c | 32 ++++++++++++++++++++++++++++++++
 1 file changed, 32 insertions(+)
 tests:  28|1
total_score: 65/70
ad03d5d
Sat 22 Apr 2023 06:20:39 PM UTC: 
 treemap.c | 19 ++++++++-----------
 1 file changed, 8 insertions(+), 11 deletions(-)
 tests:  28|1
total_score: 65/70
8157382
Sat 22 Apr 2023 06:22:20 PM UTC: 
 treemap.c | 5 ++++-
 1 file changed, 4 insertions(+), 1 deletion(-)
In file included from test.c:4:
treemap.c: In function ‘removeNode’:
treemap.c:115:9: error: ‘TreeNode’ has no member named ‘key’
  115 |     node->key = min_node->key;
      |         ^~
treemap.c:115:25: error: ‘TreeNode’ has no member named ‘key’
  115 |     node->key = min_node->key;
      |                         ^~
treemap.c:116:9: error: ‘TreeNode’ has no member named ‘value’
  116 |     node->value = min_node->value;
      |         ^~
treemap.c:116:27: error: ‘TreeNode’ has no member named ‘value’
  116 |     node->value = min_node->value;
      |                           ^~
Compilation failed
69ccb3d
Sat 22 Apr 2023 06:22:52 PM UTC: 
 treemap.c | 2 ++
 1 file changed, 2 insertions(+)
 tests:  28|1
total_score: 65/70
28f1aa1
Sat 22 Apr 2023 06:24:56 PM UTC: 
 treemap.c | 33 +--------------------------------
 1 file changed, 1 insertion(+), 32 deletions(-)
In file included from test.c:4:
treemap.c: In function ‘removeNode’:
treemap.c:89:8: error: ‘return’ with a value, in function returning void [-Werror=return-type]
   89 | return NULL;
      |        ^~~~
treemap.c:88:6: note: declared here
   88 | void removeNode(TreeMap * tree, TreeNode* node) {
      |      ^~~~~~~~~~
cc1: all warnings being treated as errors
Compilation failed
a5b8f66
Sat 22 Apr 2023 06:25:05 PM UTC: 
 treemap.c | 1 -
 1 file changed, 1 deletion(-)
 tests:  26|1
total_score: 55/70
82d1e9e
Sat 22 Apr 2023 06:27:09 PM UTC: 
 treemap.c | 31 +++++++++++++++++++++++++++++++
 1 file changed, 31 insertions(+)
In file included from test.c:4:
treemap.c: In function ‘removeNode’:
treemap.c:115:9: error: ‘TreeNode’ has no member named ‘key’
  115 |     node->key = min_node->key;
      |         ^~
treemap.c:115:25: error: ‘TreeNode’ has no member named ‘key’
  115 |     node->key = min_node->key;
      |                         ^~
treemap.c:116:9: error: ‘TreeNode’ has no member named ‘value’
  116 |     node->value = min_node->value;
      |         ^~
treemap.c:116:27: error: ‘TreeNode’ has no member named ‘value’
  116 |     node->value = min_node->value;
      |                           ^~
Compilation failed
c73c02d
